2017-09-14 20:20:01 serial = 27182818284
2017-09-14 20:20:01 email = anon
2017-09-14 20:20:01 RTG version = RTG Core Non-Commercial 3.7.1 / Core 3f0a42f (2016-10-18)
2017-09-14 20:20:01 awt.toolkit = sun.awt.X11.XToolkit
2017-09-14 20:20:01 file.encoding = UTF-8
2017-09-14 20:20:01 file.encoding.pkg = sun.io
2017-09-14 20:20:01 file.separator = /
2017-09-14 20:20:01 host.name = pc178107.med.cornell.edu
2017-09-14 20:20:01 java.awt.graphicsenv = sun.awt.X11GraphicsEnvironment
2017-09-14 20:20:01 java.awt.printerjob = sun.print.PSPrinterJob
2017-09-14 20:20:01 java.class.path = /home/campagne/rtg-core-non-commercial-3.7.1/RTG.jar
2017-09-14 20:20:01 java.class.version = 52.0
2017-09-14 20:20:01 java.endorsed.dirs = /home/campagne/rtg-core-non-commercial-3.7.1/jre/lib/endorsed
2017-09-14 20:20:01 java.ext.dirs = /home/campagne/rtg-core-non-commercial-3.7.1/jre/lib/ext:/usr/java/packages/lib/ext
2017-09-14 20:20:01 java.home = /home/campagne/rtg-core-non-commercial-3.7.1/jre
2017-09-14 20:20:01 java.io.tmpdir = /tmp
2017-09-14 20:20:01 java.library.path = /home/campagne/rtg-core-non-commercial-3.7.1
2017-09-14 20:20:01 java.runtime.name = Java(TM) SE Runtime Environment
2017-09-14 20:20:01 java.runtime.version = 1.8.0_92-b14
2017-09-14 20:20:01 java.specification.name = Java Platform API Specification
2017-09-14 20:20:01 java.specification.vendor = Oracle Corporation
2017-09-14 20:20:01 java.specification.version = 1.8
2017-09-14 20:20:01 java.vendor = Oracle Corporation
2017-09-14 20:20:01 java.vendor.url = http://java.oracle.com/
2017-09-14 20:20:01 java.vendor.url.bug = http://bugreport.sun.com/bugreport/
2017-09-14 20:20:01 java.version = 1.8.0_92
2017-09-14 20:20:01 java.vm.info = mixed mode
2017-09-14 20:20:01 java.vm.name = Java HotSpot(TM) 64-Bit Server VM
2017-09-14 20:20:01 java.vm.specification.name = Java Virtual Machine Specification
2017-09-14 20:20:01 java.vm.specification.vendor = Oracle Corporation
2017-09-14 20:20:01 java.vm.specification.version = 1.8
2017-09-14 20:20:01 java.vm.vendor = Oracle Corporation
2017-09-14 20:20:01 java.vm.version = 25.92-b14
2017-09-14 20:20:01 lang.version = 1.8.0_92
2017-09-14 20:20:01 line.separator = 

2017-09-14 20:20:01 models.dir = /home/campagne/rtg-core-non-commercial-3.7.1/models
2017-09-14 20:20:01 os.arch = amd64
2017-09-14 20:20:01 os.freememory = 23254937600
2017-09-14 20:20:01 os.name = Linux
2017-09-14 20:20:01 os.totalmemory = 134901854208
2017-09-14 20:20:01 os.version = 3.10.0-327.36.3.el7.x86_64
2017-09-14 20:20:01 path.separator = :
2017-09-14 20:20:01 processor.arch = amd64
2017-09-14 20:20:01 processor.count = 12
2017-09-14 20:20:01 references.dir = /home/campagne/rtg-core-non-commercial-3.7.1/references
2017-09-14 20:20:01 runtime.freememory = 1979941472
2017-09-14 20:20:01 runtime.maxmemory = 107922587648
2017-09-14 20:20:01 runtime.totalMemory = 2022178816
2017-09-14 20:20:01 sun.arch.data.model = 64
2017-09-14 20:20:01 sun.boot.class.path = /home/campagne/rtg-core-non-commercial-3.7.1/jre/lib/resources.jar:/home/campagne/rtg-core-non-commercial-3.7.1/jre/lib/rt.jar:/home/campagne/rtg-core-non-commercial-3.7.1/jre/lib/sunrsasign.jar:/home/campagne/rtg-core-non-commercial-3.7.1/jre/lib/jsse.jar:/home/campagne/rtg-core-non-commercial-3.7.1/jre/lib/jce.jar:/home/campagne/rtg-core-non-commercial-3.7.1/jre/lib/charsets.jar:/home/campagne/rtg-core-non-commercial-3.7.1/jre/lib/jfr.jar:/home/campagne/rtg-core-non-commercial-3.7.1/jre/classes
2017-09-14 20:20:01 sun.boot.library.path = /home/campagne/rtg-core-non-commercial-3.7.1/jre/lib/amd64
2017-09-14 20:20:01 sun.cpu.endian = little
2017-09-14 20:20:01 sun.cpu.isalist = 
2017-09-14 20:20:01 sun.io.unicode.encoding = UnicodeLittle
2017-09-14 20:20:01 sun.java.command = /home/campagne/rtg-core-non-commercial-3.7.1/RTG.jar vcfeval --baseline=GOLD-confident-chr-snps.vcf.gz -c 1505428684037-bestscore-NA12878_S1_gatk_realigned_filtered-2017-09-14-test-genotypes-sorted.vcf-snps.vcf.gz -o output-23320/snp --template=/home/campagne/data/genotypes/genomes/hg19.sdf --evaluation-regions=GIAB-NA12878-confident-regions-chr.bed.gz --bed-regions=1505428684037-bestscore-NA12878_S1_gatk_realigned_filtered-2017-09-14-test-observed-regions.bed-sorted.bed.gz --vcf-score-field=P --sort-order=descending
2017-09-14 20:20:01 sun.java.launcher = SUN_STANDARD
2017-09-14 20:20:01 sun.jnu.encoding = UTF-8
2017-09-14 20:20:01 sun.management.compiler = HotSpot 64-Bit Tiered Compilers
2017-09-14 20:20:01 sun.os.patch.level = unknown
2017-09-14 20:20:01 talkback = true
2017-09-14 20:20:01 user.country = US
2017-09-14 20:20:01 user.dir = /home/campagne/data/genotypes/sep_14
2017-09-14 20:20:01 user.home = /home/campagne
2017-09-14 20:20:01 user.language = en
2017-09-14 20:20:01 user.name = campagne
2017-09-14 20:20:01 user.timezone = America/New_York
2017-09-14 20:20:01 vendor = Oracle Corporation
2017-09-14 20:20:01 gzipfix.enabled = true
2017-09-14 20:20:01 Command line arguments: rtg vcfeval --baseline=GOLD-confident-chr-snps.vcf.gz -c 1505428684037-bestscore-NA12878_S1_gatk_realigned_filtered-2017-09-14-test-genotypes-sorted.vcf-snps.vcf.gz -o output-23320/snp --template=/home/campagne/data/genotypes/genomes/hg19.sdf --evaluation-regions=GIAB-NA12878-confident-regions-chr.bed.gz --bed-regions=1505428684037-bestscore-NA12878_S1_gatk_realigned_filtered-2017-09-14-test-observed-regions.bed-sorted.bed.gz --vcf-score-field=P --sort-order=descending
2017-09-14 20:20:01 Run Id: 65dd793d-eaff-496f-aad3-b448f71ed267
2017-09-14 20:20:01 Referenced SDF-ID: cf4f3f15-131f-4672-bd3e-89167379effc Type: DNA Sequences: 25 Max-Length: 249250621 Min-Length: 16571 Arm: UNKNOWN
2017-09-14 20:20:02 Reference sequence chrY is used in calls but not in baseline (variants will be treated as FP).
2017-09-14 20:20:04 Reference chr20 baseline contains 66047 variants.
2017-09-14 20:20:04 Reference chr20 calls contains 73107 variants.
2017-09-14 20:20:05 Reference chr21 baseline contains 44672 variants.
2017-09-14 20:20:05 Reference chr21 calls contains 51255 variants.
2017-09-14 20:20:05 Reference chr22 baseline contains 37221 variants.
2017-09-14 20:20:05 Reference chr22 calls contains 44592 variants.
2017-09-14 20:20:06 Reference chrX baseline contains 81759 variants.
2017-09-14 20:20:06 Reference chrX calls contains 88311 variants.
2017-09-14 20:20:06 Reference chrY baseline contains 0 variants.
2017-09-14 20:20:06 Reference chrY calls contains 419 variants.
2017-09-14 20:20:07 Reference chr20 had maximum path complexity of 133 at chr20:55114180-55114805
2017-09-14 20:20:07 Reference chr21 had maximum path complexity of 133 at chr21:45368299-45368490
2017-09-14 20:20:07 Reference chr22 had maximum path complexity of 133 at chr22:33148574-33148918
2017-09-14 20:20:09 Reference chrX had maximum path complexity of 31 at chrX:5389788-5390241
2017-09-14 20:20:14 Threshold  True-pos-baseline  True-pos-call  False-pos  False-neg  Precision  Sensitivity  F-measure
----------------------------------------------------------------------------------------------------
    0.469             226916         226916         97        104     0.9996       0.9995     0.9996
     None             226936         226936        124         84     0.9995       0.9996     0.9995

2017-09-14 20:20:14 Finished successfully in 13 s.
